{
"contracts/multiTokenTransfer.sol":{"l":{"28":12,"36":4,"44":1,"45":1,"53":1,"63":3,"64":5,"65":5,"66":5,"77":5,"78":5,"79":4,"95":1,"97":1,"98":2,"101":2},"path":"/home/patricio/personal/solidity/mutlitokentransfer/contracts/multiTokenTransfer.sol","s":{"1":1,"2":1,"3":3,"4":5,"5":5,"6":5,"7":5,"8":1,"9":1,"10":2,"11":2},"b":{"1":[4,0],"2":[1,0],"3":[3,0],"4":[4,1],"5":[1,0],"6":[1,0],"7":[1,0],"8":[2,0],"9":[2,0]},"f":{"1":12,"2":4,"3":1,"4":1,"5":3,"6":5,"7":1},"fnMap":{"1":{"name":"constructor","line":27,"loc":{"start":{"line":27,"column":4},"end":{"line":29,"column":4}}},"2":{"name":"setMaxTransfers","line":35,"loc":{"start":{"line":35,"column":4},"end":{"line":37,"column":4}}},"3":{"name":"maxTransfersAllowed","line":43,"loc":{"start":{"line":43,"column":4},"end":{"line":46,"column":4}}},"4":{"name":"retrieveMaxTransfers","line":52,"loc":{"start":{"line":52,"column":4},"end":{"line":54,"column":4}}},"5":{"name":"submitProofs","line":62,"loc":{"start":{"line":62,"column":4},"end":{"line":68,"column":4}}},"6":{"name":"verify","line":76,"loc":{"start":{"line":76,"column":4},"end":{"line":80,"column":4}}},"7":{"name":"transferTokens","line":94,"loc":{"start":{"line":89,"column":4},"end":{"line":103,"column":4}}}},"statementMap":{"1":{"start":{"line":44,"column":8},"end":{"line":44,"column":90}},"2":{"start":{"line":53,"column":8},"end":{"line":53,"column":27}},"3":{"start":{"line":63,"column":8},"end":{"line":63,"column":2025}},"4":{"start":{"line":64,"column":12},"end":{"line":64,"column":58}},"5":{"start":{"line":66,"column":12},"end":{"line":66,"column":51}},"6":{"start":{"line":77,"column":8},"end":{"line":77,"column":89}},"7":{"start":{"line":78,"column":8},"end":{"line":78,"column":92}},"8":{"start":{"line":95,"column":8},"end":{"line":95,"column":77}},"9":{"start":{"line":97,"column":8},"end":{"line":97,"column":3396}},"10":{"start":{"line":98,"column":12},"end":{"line":98,"column":73}},"11":{"start":{"line":101,"column":12},"end":{"line":101,"column":89}}},"branchMap":{"1":{"line":35,"type":"if","locations":[{"start":{"line":35,"column":59},"end":{"line":35,"column":59}},{"start":{"line":35,"column":59},"end":{"line":35,"column":59}}]},"2":{"line":44,"type":"if","locations":[{"start":{"line":44,"column":8},"end":{"line":44,"column":8}},{"start":{"line":44,"column":8},"end":{"line":44,"column":8}}]},"3":{"line":62,"type":"if","locations":[{"start":{"line":62,"column":109},"end":{"line":62,"column":109}},{"start":{"line":62,"column":109},"end":{"line":62,"column":109}}]},"4":{"line":78,"type":"if","locations":[{"start":{"line":78,"column":8},"end":{"line":78,"column":8}},{"start":{"line":78,"column":8},"end":{"line":78,"column":8}}]},"5":{"line":93,"type":"if","locations":[{"start":{"line":93,"column":12},"end":{"line":93,"column":12}},{"start":{"line":93,"column":12},"end":{"line":93,"column":12}}]},"6":{"line":94,"type":"if","locations":[{"start":{"line":94,"column":4},"end":{"line":94,"column":4}},{"start":{"line":94,"column":4},"end":{"line":94,"column":4}}]},"7":{"line":95,"type":"if","locations":[{"start":{"line":95,"column":8},"end":{"line":95,"column":8}},{"start":{"line":95,"column":8},"end":{"line":95,"column":8}}]},"8":{"line":98,"type":"if","locations":[{"start":{"line":98,"column":12},"end":{"line":98,"column":12}},{"start":{"line":98,"column":12},"end":{"line":98,"column":12}}]},"9":{"line":101,"type":"if","locations":[{"start":{"line":101,"column":12},"end":{"line":101,"column":12}},{"start":{"line":101,"column":12},"end":{"line":101,"column":12}}]}}},
"contracts/receiveEther.sol":{"l":{"15":0},"path":"/home/patricio/personal/solidity/mutlitokentransfer/contracts/receiveEther.sol","s":{"1":0},"b":{},"f":{"1":0,"2":0},"fnMap":{"1":{"name":null,"line":12,"loc":{"start":{"line":12,"column":4},"end":{"line":12,"column":33}}},"2":{"name":"getBalance","line":14,"loc":{"start":{"line":14,"column":4},"end":{"line":16,"column":4}}}},"statementMap":{"1":{"start":{"line":15,"column":8},"end":{"line":15,"column":36}}},"branchMap":{}},
"contracts/TestToken.sol":{"l":{"15":3,"20":0},"path":"/home/patricio/personal/solidity/mutlitokentransfer/contracts/TestToken.sol","s":{"1":3,"2":0},"b":{},"f":{"1":3,"2":0},"fnMap":{"1":{"name":"constructor","line":14,"loc":{"start":{"line":14,"column":4},"end":{"line":16,"column":4}}},"2":{"name":"sendViaTransfer","line":18,"loc":{"start":{"line":18,"column":4},"end":{"line":21,"column":4}}}},"statementMap":{"1":{"start":{"line":15,"column":8},"end":{"line":15,"column":62}},"2":{"start":{"line":20,"column":8},"end":{"line":20,"column":30}}},"branchMap":{}}}
