TN:
SF:/home/patricio/personal/solidity/mutlitokentransfer/contracts/multiTokenTransfer.sol
FN:27,constructor
FN:35,setMaxTransfers
FN:43,maxTransfersAllowed
FN:52,retrieveMaxTransfers
FN:62,submitProofs
FN:76,verify
FN:94,transferTokens
FNF:7
FNH:7
FNDA:12,constructor
FNDA:4,setMaxTransfers
FNDA:1,maxTransfersAllowed
FNDA:1,retrieveMaxTransfers
FNDA:3,submitProofs
FNDA:5,verify
FNDA:1,transferTokens
DA:28,12
DA:36,4
DA:44,1
DA:45,1
DA:53,1
DA:63,3
DA:64,5
DA:65,5
DA:66,5
DA:77,5
DA:78,5
DA:79,4
DA:95,1
DA:97,1
DA:98,2
DA:101,2
LF:16
LH:16
BRDA:35,1,0,4
BRDA:35,1,1,0
BRDA:44,2,0,1
BRDA:44,2,1,0
BRDA:62,3,0,3
BRDA:62,3,1,0
BRDA:78,4,0,4
BRDA:78,4,1,1
BRDA:93,5,0,1
BRDA:93,5,1,0
BRDA:94,6,0,1
BRDA:94,6,1,0
BRDA:95,7,0,1
BRDA:95,7,1,0
BRDA:98,8,0,2
BRDA:98,8,1,0
BRDA:101,9,0,2
BRDA:101,9,1,0
BRF:18
BRH:10
end_of_record
TN:
SF:/home/patricio/personal/solidity/mutlitokentransfer/contracts/receiveEther.sol
FN:12,
FN:14,getBalance
FNF:2
FNH:0
FNDA:0,
FNDA:0,getBalance
DA:15,0
LF:1
LH:0
BRF:0
BRH:0
end_of_record
TN:
SF:/home/patricio/personal/solidity/mutlitokentransfer/contracts/TestToken.sol
FN:14,constructor
FN:18,sendViaTransfer
FNF:2
FNH:1
FNDA:3,constructor
FNDA:0,sendViaTransfer
DA:15,3
DA:20,0
LF:2
LH:1
BRF:0
BRH:0
end_of_record
